This is pdfeTeX, Version 3.141592-1.21a-2.2 (Web2C 7.5.4) (format=jadetex 2006.5.23)  24 NOV 2006 21:43
entering extended mode
**manual.tex
(./manual.tex
JadeTeX 2003/04/27: 3.13
LaTeX Font Info:    Try loading font information for T1+ptm on input line 1.
(/usr/share/texmf-tetex/tex/latex/psnfss/t1ptm.fd
File: t1ptm.fd 2001/06/04 font definitions for T1/ptm.
)
Elements will be labelled

! LaTeX Error: Missing \begin{document}.

See the LaTeX manual or LaTeX Companion for explanation.
Type  H <return>  for immediate help.
 ...                                              
                                                  
l.7     P
         ackager Codebase
You're in trouble here.  Try typing  <return>  to proceed.
If that doesn't work, type  X <return>  to quit.

[1.0.35]
! I can't find file `manual.aux'.
\enddocument ...makeatletter \input \jobname .aux 
                                                  \fi \@dofilelist \ifdim \f...
l.279 ...de{}\endNode{}\endNode{}\endNode{}\endFOT
                                                  {}
Please type another input file name
! Emergency stop.
\enddocument ...makeatletter \input \jobname .aux 
                                                  \fi \@dofilelist \ifdim \f...
l.279 ...de{}\endNode{}\endNode{}\endNode{}\endFOT
                                                  {}
*** (job aborted, file error in nonstop mode)

 
Here is how much of TeX's memory you used:
 45 strings out of 42677
 723 string characters out of 320011
 241321 words of memory out of 1085000
 13468 multiletter control sequences out of 10000+32500
 6843 words of font info for 19 fonts, out of 500000 for 2000
 580 hyphenation exceptions out of 8191
 20i,11n,42p,105b,237s stack positions out of 1500i,500n,1500p,200000b,5000s
Output written on manual.dvi (1 page, 12428 bytes).
